<?xml version="1.0" encoding="UTF-8"?>
<!-- Generated by org.testng.reporters.JUnitXMLReporter -->
<testsuite ignored="0" hostname="MSI" failures="0" tests="3" name="Default test" time="0.045" errors="0" timestamp="2021-03-31T11:31:34 IST">
  <testcase classname="com.newproject.MavenProject.Api_Pro" name="ap_101" time="0.008"/>
  <testcase classname="com.newproject.MavenProject.Api_Pro" name="ap_102" time="0.002"/>
  <testcase classname="com.newproject.MavenProject.Api_Pro" name="ap_103" time="0.001"/>
</testsuite> <!-- Default test -->
