<?xml version="1.0" encoding="UTF-8"?>
<!-- Generated by org.testng.reporters.JUnitXMLReporter -->
<testsuite ignored="0" hostname="MSI" failures="0" tests="9" name="Test" time="0.057" errors="0" timestamp="2021-03-31T11:31:05 IST">
  <testcase classname="com.newproject.MavenProject.Sselenium_Pro" name="TC_101" time="0.006"/>
  <testcase classname="com.newproject.MavenProject.Sselenium_Pro" name="TC_102" time="0.001"/>
  <testcase classname="com.newproject.MavenProject.Sselenium_Pro" name="TC_103" time="0.0"/>
  <testcase classname="com.newproject.MavenProject.Api_Pro" name="ap_101" time="0.001"/>
  <testcase classname="com.newproject.MavenProject.Api_Pro" name="ap_102" time="0.001"/>
  <testcase classname="com.newproject.MavenProject.Api_Pro" name="ap_103" time="0.001"/>
  <testcase classname="com.newproject.MavenProject.Mobile_Pro" name="MB_101" time="0.001"/>
  <testcase classname="com.newproject.MavenProject.Mobile_Pro" name="MB_102" time="0.001"/>
  <testcase classname="com.newproject.MavenProject.Mobile_Pro" name="MB_103" time="0.001"/>
</testsuite> <!-- Test -->
