<?xml version="1.0" encoding="UTF-8"?>
<testng-results ignored="0" total="3" passed="3" failed="0" skipped="0">
  <reporter-output>
  </reporter-output>
  <suite started-at="2021-03-31T11:31:34 IST" name="Default suite" finished-at="2021-03-31T11:31:34 IST" duration-ms="45">
    <groups>
    </groups>
    <test started-at="2021-03-31T11:31:34 IST" name="Default test" finished-at="2021-03-31T11:31:34 IST" duration-ms="45">
      <class name="com.newproject.MavenProject.Api_Pro">
        <test-method signature="ap_101()[pri:0, instance:com.newproject.MavenProject.Api_Pro@c333c60]" started-at="2021-03-31T11:31:34 IST" name="ap_101" finished-at="2021-03-31T11:31:34 IST" duration-ms="8" status="PASS">
          <reporter-output>
          </reporter-output>
        </test-method> <!-- ap_101 -->
        <test-method signature="ap_102()[pri:0, instance:com.newproject.MavenProject.Api_Pro@c333c60]" started-at="2021-03-31T11:31:34 IST" name="ap_102" finished-at="2021-03-31T11:31:34 IST" duration-ms="2" status="PASS">
          <reporter-output>
          </reporter-output>
        </test-method> <!-- ap_102 -->
        <test-method signature="ap_103()[pri:0, instance:com.newproject.MavenProject.Api_Pro@c333c60]" started-at="2021-03-31T11:31:34 IST" name="ap_103" finished-at="2021-03-31T11:31:34 IST" duration-ms="1" status="PASS">
          <reporter-output>
          </reporter-output>
        </test-method> <!-- ap_103 -->
      </class> <!-- com.newproject.MavenProject.Api_Pro -->
    </test> <!-- Default test -->
  </suite> <!-- Default suite -->
</testng-results>
